\BOOKMARK [0][-]{chapter.1}{\376\377\000I\000n\000t\000r\000o\000d\000u\000c\000t\000i\000o\000n}{}% 1
\BOOKMARK [0][-]{chapter.2}{\376\377\000C\000o\000n\000t\000e\000x\000t\000e\000\040\000e\000t\000\040\000m\000o\000t\000i\000v\000a\000t\000i\000o\000n\000s}{}% 2
\BOOKMARK [1][-]{section.2.1}{\376\377\000A\000v\000a\000n\000t\000a\000g\000e\000s\000\040\000d\000e\000\040\000R}{chapter.2}% 3
\BOOKMARK [1][-]{section.2.2}{\376\377\000C\000o\000n\000t\000e\000n\000u\000\040\000d\000u\000\040\000p\000a\000c\000k\000a\000g\000e}{chapter.2}% 4
\BOOKMARK [1][-]{section.2.3}{\376\377\000I\000n\000s\000t\000a\000l\000l\000a\000t\000i\000o\000n\000\040\000d\000u\000\040\000p\000a\000c\000k\000a\000g\000e}{chapter.2}% 5
\BOOKMARK [0][-]{chapter.3}{\376\377\000L\000e\000s\000\040\000a\000r\000c\000h\000i\000v\000e\000s\000\040\000P\000M\000S\000I}{}% 6
\BOOKMARK [1][-]{section.3.1}{\376\377\000A\000r\000b\000o\000r\000e\000s\000c\000e\000n\000c\000e\000\040\000d\000e\000s\000\040\000a\000r\000c\000h\000i\000v\000e\000s}{chapter.3}% 7
\BOOKMARK [1][-]{section.3.2}{\376\377\000I\000n\000f\000o\000r\000m\000a\000t\000i\000o\000n\000s\000\040\000s\000u\000r\000\040\000l\000e\000s\000\040\000a\000r\000c\000h\000i\000v\000e\000s}{chapter.3}% 8
\BOOKMARK [1][-]{section.3.3}{\376\377\000D\000\351\000z\000i\000p\000p\000a\000g\000e}{chapter.3}% 9
\BOOKMARK [1][-]{section.3.4}{\376\377\000S\000u\000p\000p\000r\000e\000s\000s\000i\000o\000n}{chapter.3}% 10
\BOOKMARK [0][-]{chapter.4}{\376\377\000I\000m\000p\000o\000r\000t\000\040\000d\000e\000s\000\040\000d\000o\000n\000n\000\351\000e\000s}{}% 11
\BOOKMARK [1][-]{section.4.1}{\376\377\000M\000C\000O}{chapter.4}% 12
\BOOKMARK [1][-]{section.4.2}{\376\377\000H\000A\000D}{chapter.4}% 13
\BOOKMARK [1][-]{section.4.3}{\376\377\000S\000S\000R}{chapter.4}% 14
\BOOKMARK [1][-]{section.4.4}{\376\377\000P\000S\000Y}{chapter.4}% 15
\BOOKMARK [1][-]{section.4.5}{\376\377\000R\000S\000F}{chapter.4}% 16
\BOOKMARK [1][-]{section.4.6}{\376\377\000D\000i\000c\000t\000i\000o\000n\000n\000a\000i\000r\000e\000\040\000d\000e\000\040\000v\000a\000r\000i\000a\000b\000l\000e\000s}{chapter.4}% 17
\BOOKMARK [1][-]{section.4.7}{\376\377\000L\000a\000b\000e\000l\000s}{chapter.4}% 18
\BOOKMARK [0][-]{chapter.5}{\376\377\000R\000e\000q\000u\000\352\000t\000e\000s\000\040\000s\000u\000r\000\040\000d\000e\000s\000\040\000p\000a\000t\000h\000o\000l\000o\000g\000i\000e\000s\000\040\000/\000\040\000a\000c\000t\000e\000s}{}% 19
\BOOKMARK [1][-]{section.5.1}{\376\377\000T\000r\000a\000n\000s\000p\000o\000s\000i\000t\000i\000o\000n\000\040\000d\000e\000s\000\040\000c\000o\000d\000e\000s\000\040\000d\000i\000a\000g\000n\000o\000s\000t\000i\000c\000s}{chapter.5}% 20
\BOOKMARK [1][-]{section.5.2}{\376\377\000R\000e\000c\000h\000e\000r\000c\000h\000e\000\040\000d\000e\000\040\000c\000o\000d\000e\000s\000\040\000d\000i\000a\000g\000n\000o\000s\000t\000i\000c\000s}{chapter.5}% 21
\BOOKMARK [1][-]{section.5.3}{\376\377\000R\000e\000c\000h\000e\000r\000c\000h\000e\000\040\000d\000e\000\040\000c\000o\000d\000e\000s\000\040\000a\000c\000t\000e\000s}{chapter.5}% 22
\BOOKMARK [0][-]{chapter.6}{\376\377\000\311\000t\000u\000d\000e\000\040\000d\000e\000s\000\040\000f\000i\000l\000e\000s\000\040\000a\000c\000t\000i\000v\000e\000s}{}% 23
\BOOKMARK [1][-]{section.6.1}{\376\377\000I\000m\000p\000o\000r\000t\000\040\000d\000e\000s\000\040\000d\000o\000n\000n\000\351\000e\000s\000\040\000A\000n\000o\000h\000o\000s\000p}{chapter.6}% 24
\BOOKMARK [1][-]{section.6.2}{\376\377\000F\000i\000l\000e\000\040\000a\000c\000t\000i\000v\000e\000\040\000d\000'\000u\000n\000e\000\040\000p\000a\000t\000h\000o\000l\000o\000g\000i\000e}{chapter.6}% 25
\BOOKMARK [1][-]{section.6.3}{\376\377\000F\000i\000l\000e\000\040\000a\000c\000t\000i\000v\000e\000\040\000d\000'\000u\000n\000e\000\040\000c\000h\000i\000r\000u\000r\000g\000i\000e}{chapter.6}% 26
\BOOKMARK [0][-]{chapter.7}{\376\377\000F\000i\000c\000h\000i\000e\000r\000\040\000T\000R\000A}{}% 27
\BOOKMARK [1][-]{section.7.1}{\376\377\000A\000j\000o\000u\000t\000\040\000d\000u\000\040\000T\000R\000A\000\040\000e\000n\000\040\000M\000C\000O}{chapter.7}% 28
\BOOKMARK [1][-]{section.7.2}{\376\377\000A\000j\000o\000u\000t\000\040\000d\000u\000\040\000T\000R\000A\000\040\000e\000n\000\040\000H\000A\000D}{chapter.7}% 29
\BOOKMARK [1][-]{section.7.3}{\376\377\000A\000j\000o\000u\000t\000\040\000d\000u\000\040\000T\000R\000A\000\040\000e\000n\000\040\000S\000S\000R}{chapter.7}% 30
\BOOKMARK [1][-]{section.7.4}{\376\377\000A\000j\000o\000u\000t\000\040\000d\000u\000\040\000T\000R\000A\000\040\000e\000n\000\040\000P\000S\000Y}{chapter.7}% 31
\BOOKMARK [0][-]{chapter.8}{\376\377\000S\000t\000a\000t\000i\000s\000t\000i\000q\000u\000e\000s\000\040\000d\000u\000\040\000P\000M\000S\000I}{}% 32
\BOOKMARK [1][-]{section.8.1}{\376\377\000\302\000g\000e\000\040\000e\000t\000\040\000d\000u\000r\000\351\000e\000\040\000d\000e\000\040\000s\000\351\000j\000o\000u\000r}{chapter.8}% 33
\BOOKMARK [1][-]{section.8.2}{\376\377\000N\000o\000m\000b\000r\000e\000\040\000d\000e\000\040\000s\000\351\000j\000o\000u\000r\000s\000\040\000p\000a\000r\000\040\000c\000a\000t\000\351\000g\000o\000r\000i\000e\000\040\000m\000a\000j\000e\000u\000r\000e\000\040\000d\000e\000\040\000d\000i\000a\000g\000n\000o\000s\000t\000i\000c\000s}{chapter.8}% 34
\BOOKMARK [1][-]{section.8.3}{\376\377\000C\000a\000s\000e\000-\000m\000i\000x\000\040\000M\000C\000O\000,\000\040\000D\000M\000S\000\040\000p\000a\000r\000\040\000G\000H\000M\000\040\000/\000\040\000G\000H\000S}{chapter.8}% 35
\BOOKMARK [0][-]{chapter.9}{\376\377\000H\000e\000l\000p}{}% 36
\BOOKMARK [0][-]{chapter.10}{\376\377\000N\000o\000y\000a\000u\000\040\000d\000e\000\040\000p\000a\000r\000a\000m\000\350\000t\000r\000e\000s}{}% 37
\BOOKMARK [1][-]{section.10.1}{\376\377\000Q\000u\000a\000t\000r\000e\000\040\000p\000a\000r\000a\000m\000\350\000t\000r\000e\000s}{chapter.10}% 38
\BOOKMARK [1][-]{section.10.2}{\376\377\000S\000o\000l\000u\000t\000i\000o\000n\000\040\000a\000v\000e\000c\000\040\000n\000o\000y\000a\000u\000\137\000p\000m\000e\000a\000s\000y\000r\000\050\000\051}{chapter.10}% 39
\BOOKMARK [1][-]{section.10.3}{\376\377\000n\000o\000y\000a\000u\000\137\000s\000k\000e\000l\000e\000t\000o\000n\000\050\000\051}{chapter.10}% 40
\BOOKMARK [0][-]{chapter.11}{\376\377\000R\000e\000s\000t\000r\000u\000c\000t\000u\000r\000e\000r\000\040\000d\000e\000s\000\040\000l\000i\000s\000t\000e\000s\000\040\000d\000e\000\040\000c\000o\000d\000e\000s\000\040\000:\000\040\000e\000n\000r\000o\000b\000e\000u\000r}{}% 41
\BOOKMARK [0][-]{chapter.12}{\376\377\000N\000o\000m\000s\000\040\000d\000e\000\040\000c\000o\000l\000o\000n\000n\000e\000s\000\040\000e\000n\000\040\000m\000i\000n\000u\000s\000c\000u\000l\000e\000s}{}% 42
\BOOKMARK [0][-]{chapter.13}{\376\377\000V\000e\000r\000s\000\040\000l\000a\000\040\000b\000a\000s\000e\000\040\000d\000e\000\040\000d\000o\000n\000n\000\351\000e\000s\000\040\000a\000v\000e\000c\000\040\000p\000m\000e\000a\000s\000y\000r}{}% 43
\BOOKMARK [1][-]{section.13.1}{\376\377\000C\000o\000n\000n\000e\000x\000i\000o\000n\000\040\000\340\000\040\000u\000n\000e\000\040\000b\000a\000s\000e\000\040\000d\000e\000\040\000d\000o\000n\000n\000\351\000e\000s}{chapter.13}% 44
\BOOKMARK [1][-]{section.13.2}{\376\377\000I\000n\000t\000\351\000g\000r\000a\000t\000i\000o\000n\000\040\000e\000n\000\040\000b\000a\000s\000e}{chapter.13}% 45
\BOOKMARK [1][-]{section.13.3}{\376\377\000A\000c\000c\000\351\000d\000e\000r\000\040\000a\000u\000x\000\040\000d\000o\000n\000n\000\351\000e\000s\000\040\000d\000a\000n\000s\000\040\000l\000a\000\040\000b\000a\000s\000e}{chapter.13}% 46
\BOOKMARK [0][-]{chapter.14}{\376\377\000r\000e\000q\000u\000e\000t\000r\000\040\000:\000\040\000r\000\351\000d\000i\000g\000e\000r\000,\000\040\000e\000x\000\351\000c\000u\000t\000e\000r\000\040\000d\000e\000s\000\040\000r\000e\000q\000u\000\352\000t\000e\000s\000\040\000p\000m\000s\000i}{}% 47
\BOOKMARK [1][-]{section.14.1}{\376\377\000D\000\351\000f\000i\000n\000i\000r\000\040\000u\000n\000e\000\040\000r\000e\000q\000u\000\352\000t\000e}{chapter.14}% 48
\BOOKMARK [1][-]{section.14.2}{\376\377\000R\000e\000q\000u\000\352\000t\000e\000s\000\040\000s\000u\000r\000\040\000d\000e\000s\000\040\000r\000s\000a\000\040\000i\000m\000p\000o\000r\000t\000\351\000s\000\040\000a\000v\000e\000c\000\040\000i\000r\000s\000a}{chapter.14}% 49
\BOOKMARK [1][-]{section.14.3}{\376\377\000R\000e\000q\000u\000\352\000t\000e\000s\000\040\000s\000u\000r\000\040\000d\000e\000s\000\040\000r\000s\000a\000\040\000d\000a\000n\000s\000\040\000l\000a\000\040\000b\000a\000s\000e\000\040\000d\000e\000\040\000d\000o\000n\000n\000\351\000e\000s}{chapter.14}% 50
\BOOKMARK [1][-]{section.14.4}{\376\377\000\311\000l\000\351\000m\000e\000n\000t\000s\000\040\000p\000o\000s\000s\000i\000b\000l\000e\000s\000\040\000p\000o\000u\000r\000\040\000u\000n\000e\000\040\000r\000e\000q\000u\000\352\000t\000e}{chapter.14}% 51
\BOOKMARK [1][-]{section.14.5}{\376\377\000L\000a\000n\000c\000e\000r\000\040\000p\000l\000u\000s\000i\000e\000u\000r\000s\000\040\000r\000e\000q\000u\000\352\000t\000e\000s}{chapter.14}% 52
\BOOKMARK [0][-]{chapter.15}{\376\377\000v\000v\000r\000\040\000:\000\040\000V\000a\000l\000o\000r\000i\000s\000e\000r\000\040\000l\000e\000s\000\040\000r\000s\000a}{}% 53
\BOOKMARK [1][-]{section.15.1}{\376\377\000A\000c\000c\000\351\000d\000e\000r\000\040\000a\000u\000x\000\040\000t\000a\000r\000i\000f\000s\000\040\000d\000e\000p\000u\000i\000s\000\040\000R}{chapter.15}% 54
\BOOKMARK [1][-]{section.15.2}{\376\377\000\311\000t\000a\000p\000e\000\040\000s\000\351\000j\000o\000u\000r}{chapter.15}% 55
\BOOKMARK [1][-]{section.15.3}{\376\377\000\311\000t\000a\000p\000e\000\040\000f\000a\000c\000t\000u\000r\000e}{chapter.15}% 56
\BOOKMARK [1][-]{section.15.4}{\376\377\000C\000o\000n\000j\000u\000g\000u\000e\000r\000\040\000l\000a\000\040\000v\000a\000l\000o\000r\000i\000s\000a\000t\000i\000o\000n\000\040\000d\000e\000s\000\040\000s\000\351\000j\000o\000u\000r\000s\000\040\000\340\000\040\000l\000e\000u\000r\000\040\000c\000a\000r\000a\000c\000t\000\350\000r\000e\000\040\000f\000a\000c\000t\000u\000r\000a\000b\000l\000e}{chapter.15}% 57
\BOOKMARK [1][-]{section.15.5}{\376\377\000C\000o\000n\000c\000o\000r\000d\000a\000n\000c\000e\000\040\000a\000v\000e\000c\000\040\000e\000p\000m\000s\000i}{chapter.15}% 58
\BOOKMARK [1][-]{section.15.6}{\376\377\000V\000i\000g\000n\000e\000t\000t\000e\000\040\000p\000r\000\351\000s\000e\000n\000t\000a\000n\000t\000\040\000c\000e\000s\000\040\000f\000o\000n\000c\000t\000i\000o\000n\000s}{chapter.15}% 59
\BOOKMARK [0][-]{chapter.16}{\376\377\000E\000x\000e\000r\000c\000i\000c\000e\000s\000\040\000\050\000b\000\351\000t\000a\000\051}{}% 60
