This is pdfTeX, Version 3.141592653-2.6-1.40.23 (TeX Live 2022/dev) (preloaded format=pdflatex 2021.11.21)  21 NOV 2021 15:51
entering extended mode
 restricted \write18 enabled.
 %&-line parsing enabled.
**/Users/guillaumepressiat/Documents/Developpements/Github/pmeasyr-book/preambl
e.tex

(/Users/guillaumepressiat/Documents/Developpements/Github/pmeasyr-book/preamble
.tex
LaTeX2e <2021-11-15>
L3 programming layer <2021-11-12>

! LaTeX Error: \usepackage before \documentclass.

See the LaTeX manual or LaTeX Companion for explanation.
Type  H <return>  for immediate help.
 ...                                              
                                                  
l.1 \usepackage{
                booktabs} 
Here is how much of TeX's memory you used:
 18 strings out of 480331
 745 string characters out of 5896037
 290798 words of memory out of 5000000
 17973 multiletter control sequences out of 15000+600000
 403430 words of font info for 27 fonts, out of 8000000 for 9000
 14 hyphenation exceptions out of 8191
 13i,0n,12p,135b,14s stack positions out of 5000i,500n,10000p,200000b,80000s

!  ==> Fatal error occurred, no output PDF file produced!
